<?xml version="1.0" encoding="UTF-8"?>
<!-- Generated by org.testng.reporters.JUnitXMLReporter -->
<testsuite ignored="0" hostname="DESKTOP-A791GLG" failures="0" tests="5" name="Default test" time="43.546" errors="0" timestamp="07 Jul 2022 20:45:01 GMT">
  <testcase classname="com.demoacti.tests.TestLogin" name="testLogin" time="0.833"/>
  <testcase classname="com.demoacti.tests.TestLogin" name="testLogin" time="0.529"/>
  <testcase classname="com.demoacti.tests.TestLogin" name="testLogin" time="0.523"/>
  <testcase classname="com.demoacti.tests.TestLogin" name="testLogin" time="0.543"/>
  <testcase classname="com.demoacti.tests.TestLogin" name="testLogin" time="0.57"/>
</testsuite> <!-- Default test -->
