<?xml version="1.0" encoding="UTF-8"?>
<testng-results ignored="0" total="2" passed="2" failed="0" skipped="0">
  <reporter-output>
  </reporter-output>
  <suite started-at="2022-07-12T23:57:38Z" name="Default suite" finished-at="2022-07-12T23:58:20Z" duration-ms="41511">
    <groups>
    </groups>
    <test started-at="2022-07-12T23:57:38Z" name="Default test" finished-at="2022-07-12T23:58:20Z" duration-ms="41511">
      <class name="com.demoacti.tests.TaskPageTests">
        <test-method is-config="true" signature="setReport()[pri:0, instance:com.demoacti.tests.TaskPageTests@59a008ba]" started-at="2022-07-12T23:57:38Z" name="setReport" finished-at="2022-07-12T23:57:38Z" duration-ms="392" status="PASS">
          <reporter-output>
          </reporter-output>
        </test-method> <!-- setReport -->
        <test-method is-config="true" signature="setup()[pri:0, instance:com.demoacti.tests.TaskPageTests@59a008ba]" started-at="2022-07-12T23:57:39Z" name="setup" finished-at="2022-07-12T23:57:46Z" duration-ms="7495" status="PASS">
          <reporter-output>
          </reporter-output>
        </test-method> <!-- setup -->
        <test-method signature="testCreateCustomer()[pri:1, instance:com.demoacti.tests.TaskPageTests@59a008ba]" started-at="2022-07-12T23:57:46Z" name="testCreateCustomer" finished-at="2022-07-12T23:57:54Z" duration-ms="7679" status="PASS">
          <reporter-output>
          </reporter-output>
        </test-method> <!-- testCreateCustomer -->
        <test-method is-config="true" signature="teardown(org.testng.ITestResult)[pri:0, instance:com.demoacti.tests.TaskPageTests@59a008ba]" started-at="2022-07-12T23:57:54Z" name="teardown" finished-at="2022-07-12T23:57:57Z" duration-ms="2849" status="PASS">
          <params>
            <param index="0">
              <value>
                <![CDATA[[TestResult name=testCreateCustomer status=SUCCESS method=TaskPageTests.testCreateCustomer()[pri:1, instance:com.demoacti.tests.TaskPageTests@59a008ba] output={null}]]]>
              </value>
            </param>
          </params>
          <reporter-output>
          </reporter-output>
        </test-method> <!-- teardown -->
        <test-method is-config="true" signature="setup()[pri:0, instance:com.demoacti.tests.TaskPageTests@59a008ba]" started-at="2022-07-12T23:57:57Z" name="setup" finished-at="2022-07-12T23:58:04Z" duration-ms="7446" status="PASS">
          <reporter-output>
          </reporter-output>
        </test-method> <!-- setup -->
        <test-method signature="testDeleteCustomer()[pri:2, instance:com.demoacti.tests.TaskPageTests@59a008ba]" started-at="2022-07-12T23:58:04Z" name="testDeleteCustomer" finished-at="2022-07-12T23:58:18Z" duration-ms="13562" status="PASS">
          <reporter-output>
          </reporter-output>
        </test-method> <!-- testDeleteCustomer -->
        <test-method is-config="true" signature="teardown(org.testng.ITestResult)[pri:0, instance:com.demoacti.tests.TaskPageTests@59a008ba]" started-at="2022-07-12T23:58:18Z" name="teardown" finished-at="2022-07-12T23:58:20Z" duration-ms="2444" status="PASS">
          <params>
            <param index="0">
              <value>
                <![CDATA[[TestResult name=testDeleteCustomer status=SUCCESS method=TaskPageTests.testDeleteCustomer()[pri:2, instance:com.demoacti.tests.TaskPageTests@59a008ba] output={null}]]]>
              </value>
            </param>
          </params>
          <reporter-output>
          </reporter-output>
        </test-method> <!-- teardown -->
      </class> <!-- com.demoacti.tests.TaskPageTests -->
    </test> <!-- Default test -->
  </suite> <!-- Default suite -->
</testng-results>
