<?xml version="1.0" encoding="UTF-8"?>
<testng-results ignored="0" total="5" passed="5" failed="0" skipped="0">
  <reporter-output>
  </reporter-output>
  <suite started-at="2022-07-07T20:44:17Z" name="Default suite" finished-at="2022-07-07T20:45:01Z" duration-ms="43546">
    <groups>
    </groups>
    <test started-at="2022-07-07T20:44:17Z" name="Default test" finished-at="2022-07-07T20:45:01Z" duration-ms="43546">
      <class name="com.demoacti.tests.TestLogin">
        <test-method is-config="true" signature="setup()[pri:0, instance:com.demoacti.tests.TestLogin@68df9280]" started-at="2022-07-07T20:44:19Z" name="setup" finished-at="2022-07-07T20:44:28Z" duration-ms="9609" status="PASS">
          <reporter-output>
          </reporter-output>
        </test-method> <!-- setup -->
        <test-method signature="testLogin(java.lang.String, java.lang.String)[pri:0, instance:com.demoacti.tests.TestLogin@68df9280]" started-at="2022-07-07T20:44:28Z" name="testLogin" data-provider="actidata" finished-at="2022-07-07T20:44:29Z" duration-ms="833" status="PASS">
          <params>
            <param index="0">
              <value>
                <![CDATA[admin]]>
              </value>
            </param>
            <param index="1">
              <value>
                <![CDATA[manager]]>
              </value>
            </param>
          </params>
          <reporter-output>
          </reporter-output>
        </test-method> <!-- testLogin -->
        <test-method is-config="true" signature="teardown()[pri:0, instance:com.demoacti.tests.TestLogin@68df9280]" started-at="2022-07-07T20:44:29Z" name="teardown" finished-at="2022-07-07T20:44:30Z" duration-ms="424" status="PASS">
          <reporter-output>
          </reporter-output>
        </test-method> <!-- teardown -->
        <test-method is-config="true" signature="setup()[pri:0, instance:com.demoacti.tests.TestLogin@68df9280]" started-at="2022-07-07T20:44:30Z" name="setup" finished-at="2022-07-07T20:44:36Z" duration-ms="5999" status="PASS">
          <reporter-output>
          </reporter-output>
        </test-method> <!-- setup -->
        <test-method signature="testLogin(java.lang.String, java.lang.String)[pri:0, instance:com.demoacti.tests.TestLogin@68df9280]" started-at="2022-07-07T20:44:36Z" name="testLogin" data-provider="actidata" finished-at="2022-07-07T20:44:36Z" duration-ms="529" status="PASS">
          <params>
            <param index="0">
              <value>
                <![CDATA[admin]]>
              </value>
            </param>
            <param index="1">
              <value>
                <![CDATA[manager]]>
              </value>
            </param>
          </params>
          <reporter-output>
          </reporter-output>
        </test-method> <!-- testLogin -->
        <test-method is-config="true" signature="teardown()[pri:0, instance:com.demoacti.tests.TestLogin@68df9280]" started-at="2022-07-07T20:44:36Z" name="teardown" finished-at="2022-07-07T20:44:37Z" duration-ms="468" status="PASS">
          <reporter-output>
          </reporter-output>
        </test-method> <!-- teardown -->
        <test-method is-config="true" signature="setup()[pri:0, instance:com.demoacti.tests.TestLogin@68df9280]" started-at="2022-07-07T20:44:37Z" name="setup" finished-at="2022-07-07T20:44:44Z" duration-ms="7537" status="PASS">
          <reporter-output>
          </reporter-output>
        </test-method> <!-- setup -->
        <test-method signature="testLogin(java.lang.String, java.lang.String)[pri:0, instance:com.demoacti.tests.TestLogin@68df9280]" started-at="2022-07-07T20:44:44Z" name="testLogin" data-provider="actidata" finished-at="2022-07-07T20:44:45Z" duration-ms="523" status="PASS">
          <params>
            <param index="0">
              <value>
                <![CDATA[admin]]>
              </value>
            </param>
            <param index="1">
              <value>
                <![CDATA[admin]]>
              </value>
            </param>
          </params>
          <reporter-output>
          </reporter-output>
        </test-method> <!-- testLogin -->
        <test-method is-config="true" signature="teardown()[pri:0, instance:com.demoacti.tests.TestLogin@68df9280]" started-at="2022-07-07T20:44:45Z" name="teardown" finished-at="2022-07-07T20:44:45Z" duration-ms="459" status="PASS">
          <reporter-output>
          </reporter-output>
        </test-method> <!-- teardown -->
        <test-method is-config="true" signature="setup()[pri:0, instance:com.demoacti.tests.TestLogin@68df9280]" started-at="2022-07-07T20:44:45Z" name="setup" finished-at="2022-07-07T20:44:52Z" duration-ms="6361" status="PASS">
          <reporter-output>
          </reporter-output>
        </test-method> <!-- setup -->
        <test-method signature="testLogin(java.lang.String, java.lang.String)[pri:0, instance:com.demoacti.tests.TestLogin@68df9280]" started-at="2022-07-07T20:44:52Z" name="testLogin" data-provider="actidata" finished-at="2022-07-07T20:44:52Z" duration-ms="543" status="PASS">
          <params>
            <param index="0">
              <value>
                <![CDATA[admin]]>
              </value>
            </param>
            <param index="1">
              <value>
                <![CDATA[admin]]>
              </value>
            </param>
          </params>
          <reporter-output>
          </reporter-output>
        </test-method> <!-- testLogin -->
        <test-method is-config="true" signature="teardown()[pri:0, instance:com.demoacti.tests.TestLogin@68df9280]" started-at="2022-07-07T20:44:52Z" name="teardown" finished-at="2022-07-07T20:44:53Z" duration-ms="520" status="PASS">
          <reporter-output>
          </reporter-output>
        </test-method> <!-- teardown -->
        <test-method is-config="true" signature="setup()[pri:0, instance:com.demoacti.tests.TestLogin@68df9280]" started-at="2022-07-07T20:44:53Z" name="setup" finished-at="2022-07-07T20:45:00Z" duration-ms="7242" status="PASS">
          <reporter-output>
          </reporter-output>
        </test-method> <!-- setup -->
        <test-method signature="testLogin(java.lang.String, java.lang.String)[pri:0, instance:com.demoacti.tests.TestLogin@68df9280]" started-at="2022-07-07T20:45:00Z" name="testLogin" data-provider="actidata" finished-at="2022-07-07T20:45:00Z" duration-ms="570" status="PASS">
          <params>
            <param index="0">
              <value>
                <![CDATA[admin]]>
              </value>
            </param>
            <param index="1">
              <value>
                <![CDATA[manager]]>
              </value>
            </param>
          </params>
          <reporter-output>
          </reporter-output>
        </test-method> <!-- testLogin -->
        <test-method is-config="true" signature="teardown()[pri:0, instance:com.demoacti.tests.TestLogin@68df9280]" started-at="2022-07-07T20:45:00Z" name="teardown" finished-at="2022-07-07T20:45:01Z" duration-ms="442" status="PASS">
          <reporter-output>
          </reporter-output>
        </test-method> <!-- teardown -->
      </class> <!-- com.demoacti.tests.TestLogin -->
    </test> <!-- Default test -->
  </suite> <!-- Default suite -->
</testng-results>
